#
# There is insufficient memory for the Java Runtime Environment to continue.
# Native memory allocation (mmap) failed to map 65536 bytes for Failed to commit metaspace.
# Possible reasons:
#   The system is out of physical RAM or swap space
#   The process is running with CompressedOops enabled, and the Java Heap may be blocking the growth of the native heap
# Possible solutions:
#   Reduce memory load on the system
#   Increase physical memory or swap space
#   Check if swap backing store is full
#   Decrease Java heap size (-Xmx/-Xms)
#   Decrease number of Java threads
#   Decrease Java thread stack sizes (-Xss)
#   Set larger code cache with -XX:ReservedCodeCacheSize=
#   JVM is running with Unscaled Compressed Oops mode in which the Java heap is
#     placed in the first 4GB address space. The Java Heap base address is the
#     maximum limit for the native heap growth. Please use -XX:HeapBaseMinAddress
#     to set the Java Heap base and to place the Java Heap above 4GB virtual address.
# This output file may be truncated or incomplete.
#
#  Out of Memory Error (virtualSpaceNode.cpp:110), pid=17508, tid=17616
#
# JRE version: OpenJDK Runtime Environment Temurin-17.0.4.1+1 (17.0.4.1+1) (build 17.0.4.1+1)
# Java VM: OpenJDK 64-Bit Server VM Temurin-17.0.4.1+1 (17.0.4.1+1, mixed mode, tiered, compressed oops, compressed class ptrs, g1 gc, windows-amd64)
# No core dump will be written. Minidumps are not enabled by default on client versions of Windows
#

---------------  S U M M A R Y ------------

Command Line: -ea -Dfile.encoding=UTF-8 -XX:+ShowCodeDetailsInExceptionMessages org.testng.remote.RemoteTestNG -serport 55862 -protocol json -d C:\Users\Dell\Documents\Selenium-Java\TestNGTests\test-output C:\Users\Dell\AppData\Local\Temp\testng-eclipse--1039829460\testng-customsuite.xml

Host: Intel(R) Core(TM) i3-8145U CPU @ 2.10GHz, 4 cores, 7G,  Windows 10 , 64 bit Build 19041 (10.0.19041.1889)
Time: Thu Oct 20 13:11:42 2022 India Standard Time elapsed time: 0.466999 seconds (0d 0h 0m 0s)

---------------  T H R E A D  ---------------

Current thread (0x000001fa5c2fd120):  JavaThread "main" [_thread_in_vm, id=17616, stack(0x000000852b100000,0x000000852b200000)]

Stack: [0x000000852b100000,0x000000852b200000]
Native frames: (J=compiled Java code, j=interpreted, Vv=VM code, C=native code)
V  [jvm.dll+0x67731a]
V  [jvm.dll+0x832284]
V  [jvm.dll+0x833a2e]
V  [jvm.dll+0x834093]
V  [jvm.dll+0x245775]
V  [jvm.dll+0x82e22b]
V  [jvm.dll+0x61bdf6]
V  [jvm.dll+0x61be5a]
V  [jvm.dll+0x61e67a]
V  [jvm.dll+0x61c796]
V  [jvm.dll+0x1eaa8e]
V  [jvm.dll+0x1eb54f]
V  [jvm.dll+0x1e09f1]
V  [jvm.dll+0x53c910]
V  [jvm.dll+0x1f11e7]
V  [jvm.dll+0x7ac56b]
V  [jvm.dll+0x7ad912]
V  [jvm.dll+0x7adc48]
V  [jvm.dll+0x23db7e]
V  [jvm.dll+0x37f29e]
C  0x000001fa611eb6e4

Java frames: (J=compiled Java code, j=interpreted, Vv=VM code)
j  java.lang.invoke.InnerClassLambdaMetafactory.<clinit>()V+121 java.base@17.0.4.1
v  ~StubRoutines::call_stub
j  java.lang.invoke.LambdaMetafactory.metafactory(Ljava/lang/invoke/MethodHandles$Lookup;Ljava/lang/String;Ljava/lang/invoke/MethodType;Ljava/lang/invoke/MethodType;Ljava/lang/invoke/MethodHandle;Ljava/lang/invoke/MethodType;)Ljava/lang/invoke/CallSite;+0 java.base@17.0.4.1
j  java.lang.invoke.DirectMethodHandle$Holder.invokeStatic(Ljava/lang/Object;Ljava/lang/Object;Ljava/lang/Object;Ljava/lang/Object;Ljava/lang/Object;Ljava/lang/Object;Ljava/lang/Object;)Ljava/lang/Object;+20 java.base@17.0.4.1
j  java.lang.invoke.Invokers$Holder.invokeExact_MT(Ljava/lang/Object;Ljava/lang/Object;Ljava/lang/Object;Ljava/lang/Object;Ljava/lang/Object;Ljava/lang/Object;Ljava/lang/Object;Ljava/lang/Object;)Ljava/lang/Object;+28 java.base@17.0.4.1
j  java.lang.invoke.BootstrapMethodInvoker.invoke(Ljava/lang/Class;Ljava/lang/invoke/MethodHandle;Ljava/lang/String;Ljava/lang/Object;Ljava/lang/Object;Ljava/lang/Class;)Ljava/lang/Object;+319 java.base@17.0.4.1
j  java.lang.invoke.CallSite.makeSite(Ljava/lang/invoke/MethodHandle;Ljava/lang/String;Ljava/lang/invoke/MethodType;Ljava/lang/Object;Ljava/lang/Class;)Ljava/lang/invoke/CallSite;+8 java.base@17.0.4.1
j  java.lang.invoke.MethodHandleNatives.linkCallSiteImpl(Ljava/lang/Class;Ljava/lang/invoke/MethodHandle;Ljava/lang/String;Ljava/lang/invoke/MethodType;Ljava/lang/Object;[Ljava/lang/Object;)Ljava/lang/invoke/MemberName;+6 java.base@17.0.4.1
j  java.lang.invoke.MethodHandleNatives.linkCallSite(Ljava/lang/Object;ILjava/lang/Object;Ljava/lang/Object;Ljava/lang/Object;Ljava/lang/Object;[Ljava/lang/Object;)Ljava/lang/invoke/MemberName;+46 java.base@17.0.4.1
v  ~StubRoutines::call_stub
j  sun.reflect.annotation.AnnotationParser.parseClassArray(ILjava/nio/ByteBuffer;Ljdk/internal/reflect/ConstantPool;Ljava/lang/Class;)Ljava/lang/Object;+10 java.base@17.0.4.1
j  sun.reflect.annotation.AnnotationParser.parseArray(Ljava/lang/Class;Ljava/nio/ByteBuffer;Ljdk/internal/reflect/ConstantPool;Ljava/lang/Class;)Ljava/lang/Object;+171 java.base@17.0.4.1
j  sun.reflect.annotation.AnnotationParser.parseMemberValue(Ljava/lang/Class;Ljava/nio/ByteBuffer;Ljdk/internal/reflect/ConstantPool;Ljava/lang/Class;)Ljava/lang/Object;+87 java.base@17.0.4.1
j  java.lang.reflect.Method.getDefaultValue()Ljava/lang/Object;+41 java.base@17.0.4.1
j  sun.reflect.annotation.AnnotationType.<init>(Ljava/lang/Class;)V+216 java.base@17.0.4.1
j  sun.reflect.annotation.AnnotationType.getInstance(Ljava/lang/Class;)Lsun/reflect/annotation/AnnotationType;+21 java.base@17.0.4.1
j  sun.reflect.annotation.AnnotationParser.parseAnnotation2(Ljava/nio/ByteBuffer;Ljdk/internal/reflect/ConstantPool;Ljava/lang/Class;Z[Ljava/lang/Class;)Ljava/lang/annotation/Annotation;+103 java.base@17.0.4.1
j  sun.reflect.annotation.AnnotationParser.parseAnnotations2([BLjdk/internal/reflect/ConstantPool;Ljava/lang/Class;[Ljava/lang/Class;)Ljava/util/Map;+41 java.base@17.0.4.1
j  sun.reflect.annotation.AnnotationParser.parseAnnotations([BLjdk/internal/reflect/ConstantPool;Ljava/lang/Class;)Ljava/util/Map;+12 java.base@17.0.4.1
j  java.lang.reflect.Field.declaredAnnotations()Ljava/util/Map;+59 java.base@17.0.4.1
j  java.lang.reflect.Field.declaredAnnotations()Ljava/util/Map;+32 java.base@17.0.4.1
j  java.lang.reflect.Field.getAnnotation(Ljava/lang/Class;)Ljava/lang/annotation/Annotation;+7 java.base@17.0.4.1
j  com.beust.jcommander.Parameterized.parseArg(Ljava/lang/Object;)Ljava/util/List;+77
j  com.beust.jcommander.JCommander.addDescription(Ljava/lang/Object;)V+6
j  com.beust.jcommander.JCommander.createDescriptions()V+35
j  com.beust.jcommander.JCommander.<init>(Ljava/lang/Object;Ljava/util/ResourceBundle;[Ljava/lang/String;)V+19
j  com.beust.jcommander.JCommander.<init>(Ljava/lang/Object;Ljava/util/ResourceBundle;)V+7
j  com.beust.jcommander.JCommander.<init>(Ljava/lang/Object;)V+6
j  com.beust.jcommander.JCommander.<init>(Ljava/lang/Object;[Ljava/lang/String;)V+2
j  org.testng.remote.RemoteTestNG.main([Ljava/lang/String;)V+45
v  ~StubRoutines::call_stub

---------------  P R O C E S S  ---------------

Threads class SMR info:
_java_thread_list=0x000001fa785a2b30, length=12, elements={
0x000001fa5c2fd120, 0x000001fa77817610, 0x000001fa77819990, 0x000001fa77861ac0,
0x000001fa77864390, 0x000001fa778658f0, 0x000001fa78402830, 0x000001fa78407470,
0x000001fa7840a2d0, 0x000001fa7840b070, 0x000001fa785834f0, 0x000001fa785a50d0
}

Java Threads: ( => current thread )
=>0x000001fa5c2fd120 JavaThread "main" [_thread_in_vm, id=17616, stack(0x000000852b100000,0x000000852b200000)]
  0x000001fa77817610 JavaThread "Reference Handler" daemon [_thread_blocked, id=17040, stack(0x000000852b800000,0x000000852b900000)]
  0x000001fa77819990 JavaThread "Finalizer" daemon [_thread_blocked, id=17128, stack(0x000000852b900000,0x000000852ba00000)]
  0x000001fa77861ac0 JavaThread "Signal Dispatcher" daemon [_thread_blocked, id=18424, stack(0x000000852ba00000,0x000000852bb00000)]
  0x000001fa77864390 JavaThread "Attach Listener" daemon [_thread_blocked, id=12700, stack(0x000000852bb00000,0x000000852bc00000)]
  0x000001fa778658f0 JavaThread "Service Thread" daemon [_thread_blocked, id=5812, stack(0x000000852bc00000,0x000000852bd00000)]
  0x000001fa78402830 JavaThread "Monitor Deflation Thread" daemon [_thread_blocked, id=7912, stack(0x000000852bd00000,0x000000852be00000)]
  0x000001fa78407470 JavaThread "C2 CompilerThread0" daemon [_thread_blocked, id=7716, stack(0x000000852be00000,0x000000852bf00000)]
  0x000001fa7840a2d0 JavaThread "C1 CompilerThread0" daemon [_thread_blocked, id=2440, stack(0x000000852bf00000,0x000000852c000000)]
  0x000001fa7840b070 JavaThread "Sweeper thread" daemon [_thread_blocked, id=18504, stack(0x000000852c000000,0x000000852c100000)]
  0x000001fa785834f0 JavaThread "Notification Thread" daemon [_thread_blocked, id=7996, stack(0x000000852c100000,0x000000852c200000)]
  0x000001fa785a50d0 JavaThread "Common-Cleaner" daemon [_thread_blocked, id=18084, stack(0x000000852c300000,0x000000852c400000)]

Other Threads:
  0x000001fa77836880 VMThread "VM Thread" [stack: 0x000000852b700000,0x000000852b800000] [id=11940]
  0x000001fa5c370330 WatcherThread [stack: 0x000000852c200000,0x000000852c300000] [id=4916]
  0x000001fa5c355730 GCTaskThread "GC Thread#0" [stack: 0x000000852b200000,0x000000852b300000] [id=5052]
  0x000001fa5c3677d0 ConcurrentGCThread "G1 Main Marker" [stack: 0x000000852b300000,0x000000852b400000] [id=12076]
  0x000001fa5c3691f0 ConcurrentGCThread "G1 Conc#0" [stack: 0x000000852b400000,0x000000852b500000] [id=17996]
  0x000001fa5c3cd8a0 ConcurrentGCThread "G1 Refine#0" [stack: 0x000000852b500000,0x000000852b600000] [id=3200]
  0x000001fa5c3ce2c0 ConcurrentGCThread "G1 Service" [stack: 0x000000852b600000,0x000000852b700000] [id=19004]

Threads with active compile tasks:

VM state: not at safepoint (normal execution)

VM Mutex/Monitor currently owned by a thread:  ([mutex/lock_event])
[0x000001fa5c2f6290] Metaspace_lock - owner thread: 0x000001fa5c2fd120

Heap address: 0x0000000083600000, size: 1994 MB, Compressed Oops mode: 32-bit

CDS archive(s) not mapped
Compressed class space mapped at: 0x0000000100000000-0x0000000140000000, reserved size: 1073741824
Narrow klass base: 0x0000000000000000, Narrow klass shift: 3, Narrow klass range: 0x140000000

GC Precious Log:
 CPUs: 4 total, 4 available
 Memory: 7968M
 Large Page Support: Disabled
 NUMA Support: Disabled
 Compressed Oops: Enabled (32-bit)
 Heap Region Size: 1M
 Heap Min Capacity: 8M
 Heap Initial Capacity: 126M
 Heap Max Capacity: 1994M
 Pre-touch: Disabled
 Parallel Workers: 4
 Concurrent Workers: 1
 Concurrent Refinement Workers: 4
 Periodic GC: Disabled

Heap:
 garbage-first heap   total 129024K, used 1024K [0x0000000083600000, 0x0000000100000000)
  region size 1024K, 2 young (2048K), 0 survivors (0K)
 Metaspace       used 5467K, committed 5568K, reserved 1056768K
  class space    used 454K, committed 512K, reserved 1048576K

Heap Regions: E=young(eden), S=young(survivor), O=old, HS=humongous(starts), HC=humongous(continues), CS=collection set, F=free, OA=open archive, CA=closed archive, TAMS=top-at-mark-start (previous, next)
|   0|0x0000000083600000, 0x0000000083600000, 0x0000000083700000|  0%| F|  |TAMS 0x0000000083600000, 0x0000000083600000| Untracked 
|   1|0x0000000083700000, 0x0000000083700000, 0x0000000083800000|  0%| F|  |TAMS 0x0000000083700000, 0x0000000083700000| Untracked 
|   2|0x0000000083800000, 0x0000000083800000, 0x0000000083900000|  0%| F|  |TAMS 0x0000000083800000, 0x0000000083800000| Untracked 
|   3|0x0000000083900000, 0x0000000083900000, 0x0000000083a00000|  0%| F|  |TAMS 0x0000000083900000, 0x0000000083900000| Untracked 
|   4|0x0000000083a00000, 0x0000000083a00000, 0x0000000083b00000|  0%| F|  |TAMS 0x0000000083a00000, 0x0000000083a00000| Untracked 
|   5|0x0000000083b00000, 0x0000000083b00000, 0x0000000083c00000|  0%| F|  |TAMS 0x0000000083b00000, 0x0000000083b00000| Untracked 
|   6|0x0000000083c00000, 0x0000000083c00000, 0x0000000083d00000|  0%| F|  |TAMS 0x0000000083c00000, 0x0000000083c00000| Untracked 
|   7|0x0000000083d00000, 0x0000000083d00000, 0x0000000083e00000|  0%| F|  |TAMS 0x0000000083d00000, 0x0000000083d00000| Untracked 
|   8|0x0000000083e00000, 0x0000000083e00000, 0x0000000083f00000|  0%| F|  |TAMS 0x0000000083e00000, 0x0000000083e00000| Untracked 
|   9|0x0000000083f00000, 0x0000000083f00000, 0x0000000084000000|  0%| F|  |TAMS 0x0000000083f00000, 0x0000000083f00000| Untracked 
|  10|0x0000000084000000, 0x0000000084000000, 0x0000000084100000|  0%| F|  |TAMS 0x0000000084000000, 0x0000000084000000| Untracked 
|  11|0x0000000084100000, 0x0000000084100000, 0x0000000084200000|  0%| F|  |TAMS 0x0000000084100000, 0x0000000084100000| Untracked 
|  12|0x0000000084200000, 0x0000000084200000, 0x0000000084300000|  0%| F|  |TAMS 0x0000000084200000, 0x0000000084200000| Untracked 
|  13|0x0000000084300000, 0x0000000084300000, 0x0000000084400000|  0%| F|  |TAMS 0x0000000084300000, 0x0000000084300000| Untracked 
|  14|0x0000000084400000, 0x0000000084400000, 0x0000000084500000|  0%| F|  |TAMS 0x0000000084400000, 0x0000000084400000| Untracked 
|  15|0x0000000084500000, 0x0000000084500000, 0x0000000084600000|  0%| F|  |TAMS 0x0000000084500000, 0x0000000084500000| Untracked 
|  16|0x0000000084600000, 0x0000000084600000, 0x0000000084700000|  0%| F|  |TAMS 0x0000000084600000, 0x0000000084600000| Untracked 
|  17|0x0000000084700000, 0x0000000084700000, 0x0000000084800000|  0%| F|  |TAMS 0x0000000084700000, 0x0000000084700000| Untracked 
|  18|0x0000000084800000, 0x0000000084800000, 0x0000000084900000|  0%| F|  |TAMS 0x0000000084800000, 0x0000000084800000| Untracked 
|  19|0x0000000084900000, 0x0000000084900000, 0x0000000084a00000|  0%| F|  |TAMS 0x0000000084900000, 0x0000000084900000| Untracked 
|  20|0x0000000084a00000, 0x0000000084a00000, 0x0000000084b00000|  0%| F|  |TAMS 0x0000000084a00000, 0x0000000084a00000| Untracked 
|  21|0x0000000084b00000, 0x0000000084b00000, 0x0000000084c00000|  0%| F|  |TAMS 0x0000000084b00000, 0x0000000084b00000| Untracked 
|  22|0x0000000084c00000, 0x0000000084c00000, 0x0000000084d00000|  0%| F|  |TAMS 0x0000000084c00000, 0x0000000084c00000| Untracked 
|  23|0x0000000084d00000, 0x0000000084d00000, 0x0000000084e00000|  0%| F|  |TAMS 0x0000000084d00000, 0x0000000084d00000| Untracked 
|  24|0x0000000084e00000, 0x0000000084e00000, 0x0000000084f00000|  0%| F|  |TAMS 0x0000000084e00000, 0x0000000084e00000| Untracked 
|  25|0x0000000084f00000, 0x0000000084f00000, 0x0000000085000000|  0%| F|  |TAMS 0x0000000084f00000, 0x0000000084f00000| Untracked 
|  26|0x0000000085000000, 0x0000000085000000, 0x0000000085100000|  0%| F|  |TAMS 0x0000000085000000, 0x0000000085000000| Untracked 
|  27|0x0000000085100000, 0x0000000085100000, 0x0000000085200000|  0%| F|  |TAMS 0x0000000085100000, 0x0000000085100000| Untracked 
|  28|0x0000000085200000, 0x0000000085200000, 0x0000000085300000|  0%| F|  |TAMS 0x0000000085200000, 0x0000000085200000| Untracked 
|  29|0x0000000085300000, 0x0000000085300000, 0x0000000085400000|  0%| F|  |TAMS 0x0000000085300000, 0x0000000085300000| Untracked 
|  30|0x0000000085400000, 0x0000000085400000, 0x0000000085500000|  0%| F|  |TAMS 0x0000000085400000, 0x0000000085400000| Untracked 
|  31|0x0000000085500000, 0x0000000085500000, 0x0000000085600000|  0%| F|  |TAMS 0x0000000085500000, 0x0000000085500000| Untracked 
|  32|0x0000000085600000, 0x0000000085600000, 0x0000000085700000|  0%| F|  |TAMS 0x0000000085600000, 0x0000000085600000| Untracked 
|  33|0x0000000085700000, 0x0000000085700000, 0x0000000085800000|  0%| F|  |TAMS 0x0000000085700000, 0x0000000085700000| Untracked 
|  34|0x0000000085800000, 0x0000000085800000, 0x0000000085900000|  0%| F|  |TAMS 0x0000000085800000, 0x0000000085800000| Untracked 
|  35|0x0000000085900000, 0x0000000085900000, 0x0000000085a00000|  0%| F|  |TAMS 0x0000000085900000, 0x0000000085900000| Untracked 
|  36|0x0000000085a00000, 0x0000000085a00000, 0x0000000085b00000|  0%| F|  |TAMS 0x0000000085a00000, 0x0000000085a00000| Untracked 
|  37|0x0000000085b00000, 0x0000000085b00000, 0x0000000085c00000|  0%| F|  |TAMS 0x0000000085b00000, 0x0000000085b00000| Untracked 
|  38|0x0000000085c00000, 0x0000000085c00000, 0x0000000085d00000|  0%| F|  |TAMS 0x0000000085c00000, 0x0000000085c00000| Untracked 
|  39|0x0000000085d00000, 0x0000000085d00000, 0x0000000085e00000|  0%| F|  |TAMS 0x0000000085d00000, 0x0000000085d00000| Untracked 
|  40|0x0000000085e00000, 0x0000000085e00000, 0x0000000085f00000|  0%| F|  |TAMS 0x0000000085e00000, 0x0000000085e00000| Untracked 
|  41|0x0000000085f00000, 0x0000000085f00000, 0x0000000086000000|  0%| F|  |TAMS 0x0000000085f00000, 0x0000000085f00000| Untracked 
|  42|0x0000000086000000, 0x0000000086000000, 0x0000000086100000|  0%| F|  |TAMS 0x0000000086000000, 0x0000000086000000| Untracked 
|  43|0x0000000086100000, 0x0000000086100000, 0x0000000086200000|  0%| F|  |TAMS 0x0000000086100000, 0x0000000086100000| Untracked 
|  44|0x0000000086200000, 0x0000000086200000, 0x0000000086300000|  0%| F|  |TAMS 0x0000000086200000, 0x0000000086200000| Untracked 
|  45|0x0000000086300000, 0x0000000086300000, 0x0000000086400000|  0%| F|  |TAMS 0x0000000086300000, 0x0000000086300000| Untracked 
|  46|0x0000000086400000, 0x0000000086400000, 0x0000000086500000|  0%| F|  |TAMS 0x0000000086400000, 0x0000000086400000| Untracked 
|  47|0x0000000086500000, 0x0000000086500000, 0x0000000086600000|  0%| F|  |TAMS 0x0000000086500000, 0x0000000086500000| Untracked 
|  48|0x0000000086600000, 0x0000000086600000, 0x0000000086700000|  0%| F|  |TAMS 0x0000000086600000, 0x0000000086600000| Untracked 
|  49|0x0000000086700000, 0x0000000086700000, 0x0000000086800000|  0%| F|  |TAMS 0x0000000086700000, 0x0000000086700000| Untracked 
|  50|0x0000000086800000, 0x0000000086800000, 0x0000000086900000|  0%| F|  |TAMS 0x0000000086800000, 0x0000000086800000| Untracked 
|  51|0x0000000086900000, 0x0000000086900000, 0x0000000086a00000|  0%| F|  |TAMS 0x0000000086900000, 0x0000000086900000| Untracked 
|  52|0x0000000086a00000, 0x0000000086a00000, 0x0000000086b00000|  0%| F|  |TAMS 0x0000000086a00000, 0x0000000086a00000| Untracked 
|  53|0x0000000086b00000, 0x0000000086b00000, 0x0000000086c00000|  0%| F|  |TAMS 0x0000000086b00000, 0x0000000086b00000| Untracked 
|  54|0x0000000086c00000, 0x0000000086c00000, 0x0000000086d00000|  0%| F|  |TAMS 0x0000000086c00000, 0x0000000086c00000| Untracked 
|  55|0x0000000086d00000, 0x0000000086d00000, 0x0000000086e00000|  0%| F|  |TAMS 0x0000000086d00000, 0x0000000086d00000| Untracked 
|  56|0x0000000086e00000, 0x0000000086e00000, 0x0000000086f00000|  0%| F|  |TAMS 0x0000000086e00000, 0x0000000086e00000| Untracked 
|  57|0x0000000086f00000, 0x0000000086f00000, 0x0000000087000000|  0%| F|  |TAMS 0x0000000086f00000, 0x0000000086f00000| Untracked 
|  58|0x0000000087000000, 0x0000000087000000, 0x0000000087100000|  0%| F|  |TAMS 0x0000000087000000, 0x0000000087000000| Untracked 
|  59|0x0000000087100000, 0x0000000087100000, 0x0000000087200000|  0%| F|  |TAMS 0x0000000087100000, 0x0000000087100000| Untracked 
|  60|0x0000000087200000, 0x0000000087200000, 0x0000000087300000|  0%| F|  |TAMS 0x0000000087200000, 0x0000000087200000| Untracked 
|  61|0x0000000087300000, 0x0000000087300000, 0x0000000087400000|  0%| F|  |TAMS 0x0000000087300000, 0x0000000087300000| Untracked 
|  62|0x0000000087400000, 0x0000000087400000, 0x0000000087500000|  0%| F|  |TAMS 0x0000000087400000, 0x0000000087400000| Untracked 
|  63|0x0000000087500000, 0x0000000087500000, 0x0000000087600000|  0%| F|  |TAMS 0x0000000087500000, 0x0000000087500000| Untracked 
|  64|0x0000000087600000, 0x0000000087600000, 0x0000000087700000|  0%| F|  |TAMS 0x0000000087600000, 0x0000000087600000| Untracked 
|  65|0x0000000087700000, 0x0000000087700000, 0x0000000087800000|  0%| F|  |TAMS 0x0000000087700000, 0x0000000087700000| Untracked 
|  66|0x0000000087800000, 0x0000000087800000, 0x0000000087900000|  0%| F|  |TAMS 0x0000000087800000, 0x0000000087800000| Untracked 
|  67|0x0000000087900000, 0x0000000087900000, 0x0000000087a00000|  0%| F|  |TAMS 0x0000000087900000, 0x0000000087900000| Untracked 
|  68|0x0000000087a00000, 0x0000000087a00000, 0x0000000087b00000|  0%| F|  |TAMS 0x0000000087a00000, 0x0000000087a00000| Untracked 
|  69|0x0000000087b00000, 0x0000000087b00000, 0x0000000087c00000|  0%| F|  |TAMS 0x0000000087b00000, 0x0000000087b00000| Untracked 
|  70|0x0000000087c00000, 0x0000000087c00000, 0x0000000087d00000|  0%| F|  |TAMS 0x0000000087c00000, 0x0000000087c00000| Untracked 
|  71|0x0000000087d00000, 0x0000000087d00000, 0x0000000087e00000|  0%| F|  |TAMS 0x0000000087d00000, 0x0000000087d00000| Untracked 
|  72|0x0000000087e00000, 0x0000000087e00000, 0x0000000087f00000|  0%| F|  |TAMS 0x0000000087e00000, 0x0000000087e00000| Untracked 
|  73|0x0000000087f00000, 0x0000000087f00000, 0x0000000088000000|  0%| F|  |TAMS 0x0000000087f00000, 0x0000000087f00000| Untracked 
|  74|0x0000000088000000, 0x0000000088000000, 0x0000000088100000|  0%| F|  |TAMS 0x0000000088000000, 0x0000000088000000| Untracked 
|  75|0x0000000088100000, 0x0000000088100000, 0x0000000088200000|  0%| F|  |TAMS 0x0000000088100000, 0x0000000088100000| Untracked 
|  76|0x0000000088200000, 0x0000000088200000, 0x0000000088300000|  0%| F|  |TAMS 0x0000000088200000, 0x0000000088200000| Untracked 
|  77|0x0000000088300000, 0x0000000088300000, 0x0000000088400000|  0%| F|  |TAMS 0x0000000088300000, 0x0000000088300000| Untracked 
|  78|0x0000000088400000, 0x0000000088400000, 0x0000000088500000|  0%| F|  |TAMS 0x0000000088400000, 0x0000000088400000| Untracked 
|  79|0x0000000088500000, 0x0000000088500000, 0x0000000088600000|  0%| F|  |TAMS 0x0000000088500000, 0x0000000088500000| Untracked 
|  80|0x0000000088600000, 0x0000000088600000, 0x0000000088700000|  0%| F|  |TAMS 0x0000000088600000, 0x0000000088600000| Untracked 
|  81|0x0000000088700000, 0x0000000088700000, 0x0000000088800000|  0%| F|  |TAMS 0x0000000088700000, 0x0000000088700000| Untracked 
|  82|0x0000000088800000, 0x0000000088800000, 0x0000000088900000|  0%| F|  |TAMS 0x0000000088800000, 0x0000000088800000| Untracked 
|  83|0x0000000088900000, 0x0000000088900000, 0x0000000088a00000|  0%| F|  |TAMS 0x0000000088900000, 0x0000000088900000| Untracked 
|  84|0x0000000088a00000, 0x0000000088a00000, 0x0000000088b00000|  0%| F|  |TAMS 0x0000000088a00000, 0x0000000088a00000| Untracked 
|  85|0x0000000088b00000, 0x0000000088b00000, 0x0000000088c00000|  0%| F|  |TAMS 0x0000000088b00000, 0x0000000088b00000| Untracked 
|  86|0x0000000088c00000, 0x0000000088c00000, 0x0000000088d00000|  0%| F|  |TAMS 0x0000000088c00000, 0x0000000088c00000| Untracked 
|  87|0x0000000088d00000, 0x0000000088d00000, 0x0000000088e00000|  0%| F|  |TAMS 0x0000000088d00000, 0x0000000088d00000| Untracked 
|  88|0x0000000088e00000, 0x0000000088e00000, 0x0000000088f00000|  0%| F|  |TAMS 0x0000000088e00000, 0x0000000088e00000| Untracked 
|  89|0x0000000088f00000, 0x0000000088f00000, 0x0000000089000000|  0%| F|  |TAMS 0x0000000088f00000, 0x0000000088f00000| Untracked 
|  90|0x0000000089000000, 0x0000000089000000, 0x0000000089100000|  0%| F|  |TAMS 0x0000000089000000, 0x0000000089000000| Untracked 
|  91|0x0000000089100000, 0x0000000089100000, 0x0000000089200000|  0%| F|  |TAMS 0x0000000089100000, 0x0000000089100000| Untracked 
|  92|0x0000000089200000, 0x0000000089200000, 0x0000000089300000|  0%| F|  |TAMS 0x0000000089200000, 0x0000000089200000| Untracked 
|  93|0x0000000089300000, 0x0000000089300000, 0x0000000089400000|  0%| F|  |TAMS 0x0000000089300000, 0x0000000089300000| Untracked 
|  94|0x0000000089400000, 0x0000000089400000, 0x0000000089500000|  0%| F|  |TAMS 0x0000000089400000, 0x0000000089400000| Untracked 
|  95|0x0000000089500000, 0x0000000089500000, 0x0000000089600000|  0%| F|  |TAMS 0x0000000089500000, 0x0000000089500000| Untracked 
|  96|0x0000000089600000, 0x0000000089600000, 0x0000000089700000|  0%| F|  |TAMS 0x0000000089600000, 0x0000000089600000| Untracked 
|  97|0x0000000089700000, 0x0000000089700000, 0x0000000089800000|  0%| F|  |TAMS 0x0000000089700000, 0x0000000089700000| Untracked 
|  98|0x0000000089800000, 0x0000000089800000, 0x0000000089900000|  0%| F|  |TAMS 0x0000000089800000, 0x0000000089800000| Untracked 
|  99|0x0000000089900000, 0x0000000089900000, 0x0000000089a00000|  0%| F|  |TAMS 0x0000000089900000, 0x0000000089900000| Untracked 
| 100|0x0000000089a00000, 0x0000000089a00000, 0x0000000089b00000|  0%| F|  |TAMS 0x0000000089a00000, 0x0000000089a00000| Untracked 
| 101|0x0000000089b00000, 0x0000000089b00000, 0x0000000089c00000|  0%| F|  |TAMS 0x0000000089b00000, 0x0000000089b00000| Untracked 
| 102|0x0000000089c00000, 0x0000000089c00000, 0x0000000089d00000|  0%| F|  |TAMS 0x0000000089c00000, 0x0000000089c00000| Untracked 
| 103|0x0000000089d00000, 0x0000000089d00000, 0x0000000089e00000|  0%| F|  |TAMS 0x0000000089d00000, 0x0000000089d00000| Untracked 
| 104|0x0000000089e00000, 0x0000000089e00000, 0x0000000089f00000|  0%| F|  |TAMS 0x0000000089e00000, 0x0000000089e00000| Untracked 
| 105|0x0000000089f00000, 0x0000000089f00000, 0x000000008a000000|  0%| F|  |TAMS 0x0000000089f00000, 0x0000000089f00000| Untracked 
| 106|0x000000008a000000, 0x000000008a000000, 0x000000008a100000|  0%| F|  |TAMS 0x000000008a000000, 0x000000008a000000| Untracked 
| 107|0x000000008a100000, 0x000000008a100000, 0x000000008a200000|  0%| F|  |TAMS 0x000000008a100000, 0x000000008a100000| Untracked 
| 108|0x000000008a200000, 0x000000008a200000, 0x000000008a300000|  0%| F|  |TAMS 0x000000008a200000, 0x000000008a200000| Untracked 
| 109|0x000000008a300000, 0x000000008a300000, 0x000000008a400000|  0%| F|  |TAMS 0x000000008a300000, 0x000000008a300000| Untracked 
| 110|0x000000008a400000, 0x000000008a400000, 0x000000008a500000|  0%| F|  |TAMS 0x000000008a400000, 0x000000008a400000| Untracked 
| 111|0x000000008a500000, 0x000000008a500000, 0x000000008a600000|  0%| F|  |TAMS 0x000000008a500000, 0x000000008a500000| Untracked 
| 112|0x000000008a600000, 0x000000008a600000, 0x000000008a700000|  0%| F|  |TAMS 0x000000008a600000, 0x000000008a600000| Untracked 
| 113|0x000000008a700000, 0x000000008a700000, 0x000000008a800000|  0%| F|  |TAMS 0x000000008a700000, 0x000000008a700000| Untracked 
| 114|0x000000008a800000, 0x000000008a800000, 0x000000008a900000|  0%| F|  |TAMS 0x000000008a800000, 0x000000008a800000| Untracked 
| 115|0x000000008a900000, 0x000000008a900000, 0x000000008aa00000|  0%| F|  |TAMS 0x000000008a900000, 0x000000008a900000| Untracked 
| 116|0x000000008aa00000, 0x000000008aa00000, 0x000000008ab00000|  0%| F|  |TAMS 0x000000008aa00000, 0x000000008aa00000| Untracked 
| 117|0x000000008ab00000, 0x000000008ab00000, 0x000000008ac00000|  0%| F|  |TAMS 0x000000008ab00000, 0x000000008ab00000| Untracked 
| 118|0x000000008ac00000, 0x000000008ac00000, 0x000000008ad00000|  0%| F|  |TAMS 0x000000008ac00000, 0x000000008ac00000| Untracked 
| 119|0x000000008ad00000, 0x000000008ad00000, 0x000000008ae00000|  0%| F|  |TAMS 0x000000008ad00000, 0x000000008ad00000| Untracked 
| 120|0x000000008ae00000, 0x000000008ae00000, 0x000000008af00000|  0%| F|  |TAMS 0x000000008ae00000, 0x000000008ae00000| Untracked 
| 121|0x000000008af00000, 0x000000008af00000, 0x000000008b000000|  0%| F|  |TAMS 0x000000008af00000, 0x000000008af00000| Untracked 
| 122|0x000000008b000000, 0x000000008b000000, 0x000000008b100000|  0%| F|  |TAMS 0x000000008b000000, 0x000000008b000000| Untracked 
| 123|0x000000008b100000, 0x000000008b100000, 0x000000008b200000|  0%| F|  |TAMS 0x000000008b100000, 0x000000008b100000| Untracked 
| 124|0x000000008b200000, 0x000000008b300000, 0x000000008b300000|100%| E|  |TAMS 0x000000008b200000, 0x000000008b200000| Complete 
| 125|0x000000008b300000, 0x000000008b400000, 0x000000008b400000|100%| E|CS|TAMS 0x000000008b300000, 0x000000008b300000| Complete 

Card table byte_map: [0x000001fa70be0000,0x000001fa70fd0000] _byte_map_base: 0x000001fa707c5000

Marking Bits (Prev, Next): (CMBitMap*) 0x000001fa5c355d40, (CMBitMap*) 0x000001fa5c355d80
 Prev Bits: [0x000001fa713c0000, 0x000001fa732e8000)
 Next Bits: [0x000001fa732f0000, 0x000001fa75218000)

Polling page: 0x000001fa5c0c0000

Metaspace:

Usage:
  Non-class:      4.90 MB used.
      Class:    454.48 KB used.
       Both:      5.34 MB used.

Virtual space:
  Non-class space:        8.00 MB reserved,       4.94 MB ( 62%) committed,  1 nodes.
      Class space:        1.00 GB reserved,     512.00 KB ( <1%) committed,  1 nodes.
             Both:        1.01 GB reserved,       5.44 MB ( <1%) committed. 

Chunk freelists:
   Non-Class:  2.84 MB
       Class:  3.53 MB
        Both:  6.38 MB

MaxMetaspaceSize: unlimited
CompressedClassSpaceSize: 1.00 GB
Initial GC threshold: 21.00 MB
Current GC threshold: 21.00 MB
CDS: off
MetaspaceReclaimPolicy: balanced
 - commit_granule_bytes: 65536.
 - commit_granule_words: 8192.
 - virtual_space_node_default_size: 1048576.
 - enlarge_chunks_in_place: 1.
 - new_chunks_are_fully_committed: 0.
 - uncommit_free_chunks: 1.
 - use_allocation_guard: 0.
 - handle_deallocations: 1.


Internal statistics:

num_allocs_failed_limit: 0.
num_arena_births: 4.
num_arena_deaths: 0.
num_vsnodes_births: 2.
num_vsnodes_deaths: 0.
num_space_committed: 87.
num_space_uncommitted: 0.
num_chunks_returned_to_freelist: 0.
num_chunks_taken_from_freelist: 18.
num_chunk_merges: 0.
num_chunk_splits: 9.
num_chunks_enlarged: 8.
num_purges: 0.
num_inconsistent_stats: 0.

CodeHeap 'non-profiled nmethods': size=120000Kb used=44Kb max_used=44Kb free=119955Kb
 bounds [0x000001fa68ca0000, 0x000001fa68f10000, 0x000001fa701d0000]
CodeHeap 'profiled nmethods': size=120000Kb used=273Kb max_used=273Kb free=119726Kb
 bounds [0x000001fa61770000, 0x000001fa619e0000, 0x000001fa68ca0000]
CodeHeap 'non-nmethods': size=5760Kb used=1080Kb max_used=1080Kb free=4679Kb
 bounds [0x000001fa611d0000, 0x000001fa61440000, 0x000001fa61770000]
 total_blobs=545 nmethods=197 adapters=261
 compilation: enabled
              stopped_count=0, restarted_count=0
 full_count=0

Compilation events (20 events):
Event: 0.439 Thread 0x000001fa7840a2d0  184       3       java.util.ArrayList::get (15 bytes)
Event: 0.439 Thread 0x000001fa7840a2d0 nmethod 184 0x000001fa617ae810 code [0x000001fa617ae9e0, 0x000001fa617aed08]
Event: 0.439 Thread 0x000001fa7840a2d0  185       3       java.util.Objects::checkIndex (7 bytes)
Event: 0.439 Thread 0x000001fa7840a2d0 nmethod 185 0x000001fa617aee90 code [0x000001fa617af040, 0x000001fa617af248]
Event: 0.442 Thread 0x000001fa7840a2d0  186       3       java.lang.String::regionMatches (150 bytes)
Event: 0.442 Thread 0x000001fa7840a2d0 nmethod 186 0x000001fa617af390 code [0x000001fa617af5e0, 0x000001fa617afde8]
Event: 0.442 Thread 0x000001fa7840a2d0  187       3       sun.net.www.ParseUtil::firstEncodeIndex (86 bytes)
Event: 0.443 Thread 0x000001fa7840a2d0 nmethod 187 0x000001fa617b0090 code [0x000001fa617b02e0, 0x000001fa617b0ca8]
Event: 0.443 Thread 0x000001fa7840a2d0  188       3       java.lang.StringConcatHelper::newArray (26 bytes)
Event: 0.443 Thread 0x000001fa7840a2d0 nmethod 188 0x000001fa617b1010 code [0x000001fa617b11c0, 0x000001fa617b1408]
Event: 0.443 Thread 0x000001fa7840a2d0  189       3       jdk.internal.misc.Unsafe::allocateUninitializedArray (55 bytes)
Event: 0.443 Thread 0x000001fa7840a2d0 nmethod 189 0x000001fa617b1510 code [0x000001fa617b1700, 0x000001fa617b1b58]
Event: 0.445 Thread 0x000001fa7840a2d0  190       3       java.lang.ClassLoader::checkName (37 bytes)
Event: 0.446 Thread 0x000001fa7840a2d0 nmethod 190 0x000001fa617b1d10 code [0x000001fa617b1f60, 0x000001fa617b2938]
Event: 0.449 Thread 0x000001fa7840a2d0  191       3       java.util.HashMap::putVal (300 bytes)
Event: 0.450 Thread 0x000001fa7840a2d0 nmethod 191 0x000001fa617b2c90 code [0x000001fa617b2f40, 0x000001fa617b4118]
Event: 0.460 Thread 0x000001fa7840a2d0  193       1       java.lang.Class::getClassLoader0 (5 bytes)
Event: 0.460 Thread 0x000001fa7840a2d0 nmethod 193 0x000001fa68caa390 code [0x000001fa68caa520, 0x000001fa68caa5f8]
Event: 0.462 Thread 0x000001fa7840a2d0  197       1       java.lang.Enum::ordinal (5 bytes)
Event: 0.462 Thread 0x000001fa7840a2d0 nmethod 197 0x000001fa68caaf90 code [0x000001fa68cab120, 0x000001fa68cab1f8]

GC Heap History (0 events):
No events

Deoptimization events (6 events):
Event: 0.315 Thread 0x000001fa5c2fd120 Uncommon trap: trap_request=0xffffff45 fr.pc=0x000001fa68ca15f8 relative=0x0000000000000078
Event: 0.315 Thread 0x000001fa5c2fd120 Uncommon trap: reason=unstable_if action=reinterpret pc=0x000001fa68ca15f8 method=java.lang.String.isLatin1()Z @ 10 c2
Event: 0.315 Thread 0x000001fa5c2fd120 DEOPT PACKING pc=0x000001fa68ca15f8 sp=0x000000852b1febc0
Event: 0.315 Thread 0x000001fa5c2fd120 DEOPT UNPACKING pc=0x000001fa612223a3 sp=0x000000852b1feb00 mode 2
Event: 0.427 Thread 0x000001fa5c2fd120 DEOPT PACKING pc=0x000001fa617793e7 sp=0x000000852b1fd820
Event: 0.427 Thread 0x000001fa5c2fd120 DEOPT UNPACKING pc=0x000001fa61222b43 sp=0x000000852b1fcc40 mode 0

Classes unloaded (0 events):
No events

Classes redefined (0 events):
No events

Internal exceptions (0 events):
No events

VM Operations (2 events):
Event: 0.368 Executing VM operation: HandshakeAllThreads
Event: 0.368 Executing VM operation: HandshakeAllThreads done

Events (20 events):
Event: 0.460 loading class java/lang/invoke/BootstrapMethodInvoker done
Event: 0.461 loading class java/lang/invoke/VarHandle$AccessMode
Event: 0.461 loading class java/lang/invoke/VarHandle$AccessMode done
Event: 0.461 loading class java/lang/invoke/VarHandle$AccessType
Event: 0.461 loading class java/lang/invoke/VarHandle$AccessType done
Event: 0.461 loading class java/lang/invoke/Invokers$Holder
Event: 0.462 loading class java/lang/invoke/Invokers$Holder done
Event: 0.462 loading class java/lang/invoke/MethodHandleImpl$1
Event: 0.462 loading class jdk/internal/access/JavaLangInvokeAccess
Event: 0.462 loading class jdk/internal/access/JavaLangInvokeAccess done
Event: 0.462 loading class java/lang/invoke/MethodHandleImpl$1 done
Event: 0.462 loading class java/lang/invoke/InnerClassLambdaMetafactory
Event: 0.463 loading class java/lang/invoke/AbstractValidatingLambdaMetafactory
Event: 0.463 loading class java/lang/invoke/AbstractValidatingLambdaMetafactory done
Event: 0.463 loading class java/lang/invoke/InnerClassLambdaMetafactory done
Event: 0.463 loading class jdk/internal/org/objectweb/asm/Type
Event: 0.463 loading class jdk/internal/org/objectweb/asm/Type done
Event: 0.464 loading class sun/security/action/GetBooleanAction
Event: 0.464 loading class sun/security/action/GetBooleanAction done
Event: 0.464 loading class jdk/internal/org/objectweb/asm/Handle


Dynamic libraries:
0x00007ff6f9240000 - 0x00007ff6f924e000 	C:\Users\Dell\.p2\pool\plugins\org.eclipse.justj.openjdk.hotspot.jre.full.win32.x86_64_17.0.4.v20221004-1257\jre\bin\javaw.exe
0x00007ffee7930000 - 0x00007ffee7b28000 	C:\Windows\SYSTEM32\ntdll.dll
0x00007ffee6810000 - 0x00007ffee68cd000 	C:\Windows\System32\KERNEL32.DLL
0x00007ffee5040000 - 0x00007ffee5312000 	C:\Windows\System32\KERNELBASE.dll
0x00007ffee5550000 - 0x00007ffee5650000 	C:\Windows\System32\ucrtbase.dll
0x00007ffeccb30000 - 0x00007ffeccb48000 	C:\Users\Dell\.p2\pool\plugins\org.eclipse.justj.openjdk.hotspot.jre.full.win32.x86_64_17.0.4.v20221004-1257\jre\bin\jli.dll
0x00007ffecc6e0000 - 0x00007ffecc6f9000 	C:\Users\Dell\.p2\pool\plugins\org.eclipse.justj.openjdk.hotspot.jre.full.win32.x86_64_17.0.4.v20221004-1257\jre\bin\VCRUNTIME140.dll
0x00007ffee60f0000 - 0x00007ffee628d000 	C:\Windows\System32\USER32.dll
0x00007ffee5320000 - 0x00007ffee5342000 	C:\Windows\System32\win32u.dll
0x00007ffee76c0000 - 0x00007ffee76eb000 	C:\Windows\System32\GDI32.dll
0x00007ffee5350000 - 0x00007ffee545f000 	C:\Windows\System32\gdi32full.dll
0x00007ffee58f0000 - 0x00007ffee598d000 	C:\Windows\System32\msvcp_win.dll
0x00007ffecc2e0000 - 0x00007ffecc57a000 	C:\Windows\WinSxS\amd64_microsoft.windows.common-controls_6595b64144ccf1df_6.0.19041.1110_none_60b5254171f9507e\COMCTL32.dll
0x00007ffee6300000 - 0x00007ffee639e000 	C:\Windows\System32\msvcrt.dll
0x00007ffee7150000 - 0x00007ffee7180000 	C:\Windows\System32\IMM32.DLL
0x00007ffedc710000 - 0x00007ffedc71c000 	C:\Users\Dell\.p2\pool\plugins\org.eclipse.justj.openjdk.hotspot.jre.full.win32.x86_64_17.0.4.v20221004-1257\jre\bin\vcruntime140_1.dll
0x00007ffebb630000 - 0x00007ffebb6c1000 	C:\Users\Dell\.p2\pool\plugins\org.eclipse.justj.openjdk.hotspot.jre.full.win32.x86_64_17.0.4.v20221004-1257\jre\bin\msvcp140.dll
0x00007ffe85790000 - 0x00007ffe863d6000 	C:\Users\Dell\.p2\pool\plugins\org.eclipse.justj.openjdk.hotspot.jre.full.win32.x86_64_17.0.4.v20221004-1257\jre\bin\server\jvm.dll
0x00007ffee7180000 - 0x00007ffee722e000 	C:\Windows\System32\ADVAPI32.dll
0x00007ffee5a10000 - 0x00007ffee5aac000 	C:\Windows\System32\sechost.dll
0x00007ffee76f0000 - 0x00007ffee7815000 	C:\Windows\System32\RPCRT4.dll
0x00007ffee5f30000 - 0x00007ffee5f38000 	C:\Windows\System32\PSAPI.DLL
0x00007ffed75b0000 - 0x00007ffed75ba000 	C:\Windows\SYSTEM32\VERSION.dll
0x00007ffee2840000 - 0x00007ffee2867000 	C:\Windows\SYSTEM32\WINMM.dll
0x00007ffedcd60000 - 0x00007ffedcd69000 	C:\Windows\SYSTEM32\WSOCK32.dll
0x00007ffee6290000 - 0x00007ffee62fb000 	C:\Windows\System32\WS2_32.dll
0x00007ffee2ee0000 - 0x00007ffee2ef2000 	C:\Windows\SYSTEM32\kernel.appcore.dll
0x00007ffecc6d0000 - 0x00007ffecc6da000 	C:\Users\Dell\.p2\pool\plugins\org.eclipse.justj.openjdk.hotspot.jre.full.win32.x86_64_17.0.4.v20221004-1257\jre\bin\jimage.dll
0x00007ffee2650000 - 0x00007ffee2834000 	C:\Windows\SYSTEM32\DBGHELP.DLL
0x00007ffec6f70000 - 0x00007ffec6f9c000 	C:\Windows\SYSTEM32\dbgcore.DLL
0x00007ffee5650000 - 0x00007ffee56d2000 	C:\Windows\System32\bcryptPrimitives.dll
0x00007ffeba2f0000 - 0x00007ffeba315000 	C:\Users\Dell\.p2\pool\plugins\org.eclipse.justj.openjdk.hotspot.jre.full.win32.x86_64_17.0.4.v20221004-1257\jre\bin\java.dll
0x00007ffecbd00000 - 0x00007ffecbd18000 	C:\Users\Dell\.p2\pool\plugins\org.eclipse.justj.openjdk.hotspot.jre.full.win32.x86_64_17.0.4.v20221004-1257\jre\bin\zip.dll
0x00007ffee6a00000 - 0x00007ffee7143000 	C:\Windows\System32\SHELL32.dll
0x00007ffee3100000 - 0x00007ffee3891000 	C:\Windows\SYSTEM32\windows.storage.dll
0x00007ffee5bd0000 - 0x00007ffee5f24000 	C:\Windows\System32\combase.dll
0x00007ffee4aa0000 - 0x00007ffee4ad0000 	C:\Windows\SYSTEM32\Wldp.dll
0x00007ffee7230000 - 0x00007ffee72dd000 	C:\Windows\System32\SHCORE.dll
0x00007ffee7820000 - 0x00007ffee7875000 	C:\Windows\System32\shlwapi.dll
0x00007ffee4f80000 - 0x00007ffee4f9f000 	C:\Windows\SYSTEM32\profapi.dll
0x00007ffec6c70000 - 0x00007ffec6c89000 	C:\Users\Dell\.p2\pool\plugins\org.eclipse.justj.openjdk.hotspot.jre.full.win32.x86_64_17.0.4.v20221004-1257\jre\bin\net.dll
0x00007ffee2030000 - 0x00007ffee213d000 	C:\Windows\SYSTEM32\WINHTTP.dll
0x00007ffee4800000 - 0x00007ffee486a000 	C:\Windows\system32\mswsock.dll
0x00007ffeba2d0000 - 0x00007ffeba2e5000 	C:\Users\Dell\.p2\pool\plugins\org.eclipse.justj.openjdk.hotspot.jre.full.win32.x86_64_17.0.4.v20221004-1257\jre\bin\nio.dll

dbghelp: loaded successfully - version: 4.0.5 - missing functions: none
symbol engine: initialized successfully - sym options: 0x614 - pdb path: .;C:\Users\Dell\.p2\pool\plugins\org.eclipse.justj.openjdk.hotspot.jre.full.win32.x86_64_17.0.4.v20221004-1257\jre\bin;C:\Windows\SYSTEM32;C:\Windows\WinSxS\amd64_microsoft.windows.common-controls_6595b64144ccf1df_6.0.19041.1110_none_60b5254171f9507e;C:\Users\Dell\.p2\pool\plugins\org.eclipse.justj.openjdk.hotspot.jre.full.win32.x86_64_17.0.4.v20221004-1257\jre\bin\server

VM Arguments:
jvm_args: -ea -Dfile.encoding=UTF-8 -XX:+ShowCodeDetailsInExceptionMessages 
java_command: org.testng.remote.RemoteTestNG -serport 55862 -protocol json -d C:\Users\Dell\Documents\Selenium-Java\TestNGTests\test-output C:\Users\Dell\AppData\Local\Temp\testng-eclipse--1039829460\testng-customsuite.xml
java_class_path (initial): C:\Users\Dell\eclipse\java-2022-09\eclipse\configuration\org.eclipse.osgi\440\0\.cp\lib\testng-remote.jar;C:\Users\Dell\Documents\Selenium-Java\TestNGTests\target\test-classes;C:\Users\Dell\Documents\Selenium-Java\TestNGTests\target\classes;C:\Users\Dell\.p2\pool\plugins\org.testng_7.4.0.r202105021533.jar;C:\Users\Dell\.p2\pool\plugins\com.beust.jcommander_1.78.0.jar;C:\Users\Dell\.p2\pool\plugins\org.apache-extras.beanshell.bsh_2.0.0.b6.jar;C:\Users\Dell\.p2\pool\plugins\org.yaml.snakeyaml_1.27.0.v20201111-1638.jar;C:\Users\Dell\.p2\pool\plugins\org.webjars.jquery_3.5.1.jar;C:\Users\Dell\.m2\repository\org\seleniumhq\selenium\selenium-java\4.2.0\selenium-java-4.2.0.jar;C:\Users\Dell\.m2\repository\org\seleniumhq\selenium\selenium-api\4.2.0\selenium-api-4.2.0.jar;C:\Users\Dell\.m2\repository\org\seleniumhq\selenium\selenium-chrome-driver\4.2.0\selenium-chrome-driver-4.2.0.jar;C:\Users\Dell\.m2\repository\com\google\auto\service\auto-service-annotations\1.0.1\auto-service-annotations-1.0.1.jar;C:\Users\Dell\.m2\repository\com\google\auto\service\auto-service\1.0.1\auto-service-1.0.1.jar;C:\Users\Dell\.m2\repository\com\google\auto\auto-common\1.2\auto-common-1.2.jar;C:\Users\Dell\.m2\repository\com\google\guava\guava\31.1-jre\guava-31.1-jre.jar;C:\Users\Dell\.m2\repository\com\google\guava\failureaccess\1.0.1\failureaccess-1.0.1.jar;C:\Users\Dell\.m2\repository\com\google\guava\listenablefuture\9999.0-empty-to-avoid-conflict-with-guava\listenablefuture-9999.0-empty-to-avoid-conflict-with-guava.jar;C:\Users\Dell\.m2\repository\com\google\code\findbugs\jsr305\3.0.2\jsr305-3.0.2.jar;C:\Users\Dell\.m2\repository\org\checkerframework\checker-qual\3.12.0\checker-qual-3.12.0.jar;C:\Users\Dell\.m2\repository\com\google\errorprone\error_prone_annotations\2.11.0\error_prone_annotations-2.11.0.jar;C:\Users\Dell\.m2\repository\com\google\j2objc\j2objc-annotations\1.3\j2objc-annotations-1.3.jar;C:\Users\Dell\.m2\repository\org\seleniumhq\selenium\sele
Launcher Type: SUN_STANDARD

[Global flags]
     intx CICompilerCount                          = 3                                         {product} {ergonomic}
     uint ConcGCThreads                            = 1                                         {product} {ergonomic}
     uint G1ConcRefinementThreads                  = 4                                         {product} {ergonomic}
   size_t G1HeapRegionSize                         = 1048576                                   {product} {ergonomic}
    uintx GCDrainStackTargetSize                   = 64                                        {product} {ergonomic}
   size_t InitialHeapSize                          = 132120576                                 {product} {ergonomic}
   size_t MarkStackSize                            = 4194304                                   {product} {ergonomic}
   size_t MaxHeapSize                              = 2090860544                                {product} {ergonomic}
   size_t MaxNewSize                               = 1254096896                                {product} {ergonomic}
   size_t MinHeapDeltaBytes                        = 1048576                                   {product} {ergonomic}
   size_t MinHeapSize                              = 8388608                                   {product} {ergonomic}
    uintx NonNMethodCodeHeapSize                   = 5832780                                {pd product} {ergonomic}
    uintx NonProfiledCodeHeapSize                  = 122912730                              {pd product} {ergonomic}
    uintx ProfiledCodeHeapSize                     = 122912730                              {pd product} {ergonomic}
    uintx ReservedCodeCacheSize                    = 251658240                              {pd product} {ergonomic}
     bool SegmentedCodeCache                       = true                                      {product} {ergonomic}
     bool ShowCodeDetailsInExceptionMessages       = true                                   {manageable} {command line}
   size_t SoftMaxHeapSize                          = 2090860544                             {manageable} {ergonomic}
     bool UseCompressedClassPointers               = true                           {product lp64_product} {ergonomic}
     bool UseCompressedOops                        = true                           {product lp64_product} {ergonomic}
     bool UseG1GC                                  = true                                      {product} {ergonomic}
     bool UseLargePagesIndividualAllocation        = false                                  {pd product} {ergonomic}

Logging:
Log output configuration:
 #0: stdout all=warning uptime,level,tags
 #1: stderr all=off uptime,level,tags

Environment Variables:
PATH=C:/Users/Dell/.p2/pool/plugins/org.eclipse.justj.openjdk.hotspot.jre.full.win32.x86_64_17.0.4.v20221004-1257/jre/bin/server;C:/Users/Dell/.p2/pool/plugins/org.eclipse.justj.openjdk.hotspot.jre.full.win32.x86_64_17.0.4.v20221004-1257/jre/bin;C:\Windows\system32;C:\Windows;C:\Windows\System32\Wbem;C:\Windows\System32\WindowsPowerShell\v1.0\;C:\Windows\System32\OpenSSH\;C:\Program Files\jdk-17.0.4.1\bin;C:\Program Files\Python 3.10;C:\Users\Dell\AppData\Local\Programs\Python\Python310\Scripts\;C:\Users\Dell\AppData\Local\Programs\Python\Python310\;C:\Users\Dell\AppData\Local\Microsoft\WindowsApps;C:\Users\Dell\AppData\Local\Programs\Microsoft VS Code\bin;C:\Users\Dell\Desktop;
USERNAME=Dell
OS=Windows_NT
PROCESSOR_IDENTIFIER=Intel64 Family 6 Model 142 Stepping 11, GenuineIntel
TMP=C:\Users\Dell\AppData\Local\Temp
TEMP=C:\Users\Dell\AppData\Local\Temp



---------------  S Y S T E M  ---------------

OS:
 Windows 10 , 64 bit Build 19041 (10.0.19041.1889)
OS uptime: 6 days 4:45 hours

CPU: total 4 (initial active 4) (2 cores per cpu, 2 threads per core) family 6 model 142 stepping 11 microcode 0xae, cx8, cmov, fxsr, ht, mmx, 3dnowpref, sse, sse2, sse3, ssse3, sse4.1, sse4.2, popcnt, lzcnt, tsc, tscinvbit, avx, avx2, aes, erms, clmul, bmi1, bmi2, adx, fma, vzeroupper, clflush, clflushopt

Memory: 4k page, system-wide physical 7968M (96M free)
TotalPageFile size 32544M (AvailPageFile size 0M)
current process WorkingSet (physical memory assigned to process): 33M, peak: 33M
current process commit charge ("private bytes"): 194M, peak: 194M

vm_info: OpenJDK 64-Bit Server VM (17.0.4.1+1) for windows-amd64 JRE (17.0.4.1+1), built on Aug 17 2022 07:42:43 by "temurin" with MS VC++ 16.7 (VS2019)

END.
